--2025-06-22 12:25:58--  https://blzdistsc2-a.akamaihd.net/Linux/SC2.4.10.zip
Resolving blzdistsc2-a.akamaihd.net (blzdistsc2-a.akamaihd.net)... 23.220.70.132, 23.220.70.138
Connecting to blzdistsc2-a.akamaihd.net (blzdistsc2-a.akamaihd.net)|23.220.70.132|:443... connected.
HTTP request sent, awaiting response... 200 OK
Length: 4115224017 (3.8G) [application/zip]
Saving to: 'SC2.4.10.zip'

     0K .......... .......... .......... .......... ..........  0%  488K 2h17m
    50K .......... .......... .......... .......... ..........  0% 1.09M 98m42s
   100K .......... .......... .......... .......... ..........  0%  559K 1h45m
   150K .......... .......... .......... .......... ..........  0% 1.35M 91m26s
   200K .......... .......... .......... .......... ..........  0% 1.51M 81m50s
   250K .......... .......... .......... .......... ..........  0% 1.05M 78m35s
   300K .......... .......... .......... .......... ..........  0% 1.47M 73m42s
   350K .......... .......... .......... .......... ..........  0% 1.66M 69m24s
   400K .......... .......... .......... .......... ..........  0% 2.07M 65m12s
   450K .......... .......... .......... .......... ..........  0% 3.10M 60m48s
   500K .......... .......... .......... .......... ..........  0% 4.27M 56m40s
   550K .......... .......... .......... .......... ..........  0% 3.36M 53m34s
   600K .......... .......... .......... .......... ..........  0% 3.44M 50m54s
   650K .......... .......... .......... .......... ..........  0% 4.88M 48m13s
   700K .......... .......... .......... .......... ..........  0% 3.67M 46m12s
   750K .......... .......... .......... .......... ..........  0% 3.66M 44m25s
   800K .......... .......... .......... .......... ..........  0% 4.35M 42m42s
   850K .......... .......... .......... .......... ..........  0% 4.24M 41m11s
   900K .......... .......... .......... .......... ..........  0% 4.04M 39m52s
   950K .......... .......... .......... .......... ..........  0% 5.69M 38m27s
  1000K .......... .......... .......... .......... ..........  0% 5.58M 37m10s
  1050K .......... .......... .......... .......... ..........  0% 7.72M 35m52s
  1100K .......... .......... .......... .......... ..........  0% 6.63M 34m44s
  1150K .......... .......... .......... .......... ..........  0% 6.11M 33m44s
  1200K .......... .......... .......... .......... ..........  0% 6.98M 32m45s
  1250K .......... .......... .......... .......... ..........  0% 11.0M 31m44s
  1300K .......... .......... .......... .......... ..........  0% 7.35M 30m53s
  1350K .......... .......... .......... .......... ..........  0% 8.77M 30m3s
  1400K .......... .......... .......... .......... ..........  0% 9.55M 29m15s
  1450K .......... .......... .......... .......... ..........  0% 8.55M 28m31s
  1500K .......... .......... .......... .......... ..........  0% 8.97M 27m50s
  1550K .......... .......... .......... .......... ..........  0% 8.93M 27m12s
  1600K .......... .......... .......... .......... ..........  0% 10.0M 26m34s
  1650K .......... .......... .......... .......... ..........  0% 12.7M 25m56s
  1700K .......... .......... .......... .......... ..........  0% 9.81M 25m23s
  1750K .......... .......... .......... .......... ..........  0% 8.32M 24m54s
  1800K .......... .......... .......... .......... ..........  0% 14.1M 24m21s
  1850K .......... .......... .......... .......... ..........  0% 10.3M 23m53s
  1900K .......... .......... .......... .......... ..........  0% 12.2M 23m24s
  1950K .......... .......... .......... .......... ..........  0% 10.9M 22m58s
  2000K .......... .......... .......... .......... ..........  0% 9.40M 22m35s
  2050K .......... .......... .......... .......... ..........  0% 17.5M 22m8s
  2100K .......... .......... .......... .......... ..........  0% 9.80M 21m46s
  2150K .......... .......... .......... .......... ..........  0% 14.4M 21m23s
  2200K .......... .......... .......... .......... ..........  0% 12.4M 21m1s
  2250K .......... .......... .......... .......... ..........  0% 12.5M 20m41s
  2300K .......... .......... .......... .......... ..........  0% 10.9M 20m22s
  2350K .......... .......... .......... .......... ..........  0% 17.1M 20m1s
  2400K .......... .......... .......... .......... ..........  0% 13.5M 19m42s
  2450K .......... .......... .......... .......... ..........  0% 13.7M 19m25s
  2500K .......... .......... .......... .......... ..........  0% 16.5M 19m6s
  2550K .......... .......... .......... .......... ..........  0% 14.7M 18m49s
  2600K .......... .......... .......... .......... ..........  0% 12.2M 18m34s
  2650K .......... .......... .......... .......... ..........  0% 21.0M 18m17s
  2700K .......... .......... .......... .......... ..........  0% 12.6M 18m3s
  2750K .......... .......... .......... .......... ..........  0% 17.7M 17m47s
  2800K .......... .......... .......... .......... ..........  0% 17.4M 17m32s
  2850K .......... .......... .......... .......... ..........  0% 16.6M 17m18s
  2900K .......... .......... .......... .......... ..........  0% 19.0M 17m4s
  2950K .......... .......... .......... .......... ..........  0% 17.8M 16m51s
  3000K .......... .......... .......... .......... ..........  0% 13.9M 16m39s
  3050K .......... .......... .......... .......... ..........  0% 19.7M 16m26s
  3100K .......... .......... .......... .......... ..........  0% 17.5M 16m14s
  3150K .......... .......... .......... .......... ..........  0% 20.8M 16m2s
  3200K .......... .......... .......... .......... ..........  0% 19.2M 15m50s
  3250K .......... .......... .......... .......... ..........  0% 20.2M 15m38s
  3300K .......... .......... .......... .......... ..........  0% 21.7M 15m27s
  3350K .......... .......... .......... .......... ..........  0% 16.2M 15m17s
  3400K .......... .......... .......... .......... ..........  0% 23.1M 15m6s
  3450K .......... .......... .......... .......... ..........  0% 27.1M 14m55s
  3500K .......... .......... .......... .......... ..........  0% 16.4M 14m46s
  3550K .......... .......... .......... .......... ..........  0% 27.0M 14m36s
  3600K .......... .......... .......... .......... ..........  0% 24.4M 14m26s
  3650K .......... .......... .......... .......... ..........  0% 18.7M 14m17s
  3700K .......... .......... .......... .......... ..........  0% 26.1M 14m8s
  3750K .......... .......... .......... .......... ..........  0% 25.3M 13m59s
  3800K .......... .......... .......... .......... ..........  0% 19.6M 13m50s
  3850K .......... .......... .......... .......... ..........  0% 26.8M 13m41s
  3900K .......... .......... .......... .......... ..........  0% 21.0M 13m33s
  3950K .......... .......... .......... .......... ..........  0% 25.6M 13m25s
  4000K .......... .......... .......... .......... ..........  0% 21.6M 13m17s
  4050K .......... .......... .......... .......... ..........  0% 27.2M 13m9s
  4100K .......... .......... .......... .......... ..........  0% 30.6M 13m1s
  4150K .......... .......... .......... .......... ..........  0% 23.5M 12m54s
  4200K .......... .......... .......... .......... ..........  0% 26.3M 12m47s
  4250K .......... .......... .......... .......... ..........  0% 29.6M 12m39s
  4300K .......... .......... .......... .......... ..........  0% 23.2M 12m33s
  4350K .......... .......... .......... .......... ..........  0% 30.5M 12m26s
  4400K .......... .......... .......... .......... ..........  0% 28.7M 12m19s
  4450K .......... .......... .......... .......... ..........  0% 30.7M 12m12s
  4500K .......... .......... .......... .......... ..........  0% 23.5M 12m6s
  4550K .......... .......... .......... .......... ..........  0% 34.9M 11m59s
  4600K .......... .......... .......... .......... ..........  0% 24.1M 11m53s
  4650K .......... .......... .......... .......... ..........  0% 23.0M 11m47s
  4700K .......... .......... .......... .......... ..........  0% 28.3M 11m41s
  4750K .......... .......... .......... .......... ..........  0% 37.8M 11m35s
  4800K .......... .......... .......... .......... ..........  0% 32.4M 11m29s
  4850K .......... .......... .......... .......... ..........  0% 21.9M 11m24s
  4900K .......... .......... .......... .......... ..........  0% 34.1M 11m18s
  4950K .......... .......... .......... .......... ..........  0% 30.8M 11m13s
  5000K .......... .......... .......... .......... ..........  0% 20.5M 11m8s
  5050K .......... .......... .......... .......... ..........  0% 35.2M 11m2s
  5100K .......... .......... .......... .......... ..........  0% 24.2M 10m57s
  5150K .......... .......... .......... .......... ..........  0% 35.2M 10m52s
  5200K .......... .......... .......... .......... ..........  0% 36.0M 10m47s
  5250K .......... .......... .......... .......... ..........  0% 28.4M 10m42s
  5300K .......... .......... .......... .......... ..........  0% 50.5M 10m37s
  5350K .......... .......... .......... .......... ..........  0% 20.3M 10m33s
  5400K .......... .......... .......... .......... ..........  0% 29.1M 10m28s
  5450K .......... .......... .......... .......... ..........  0% 32.9M 10m24s
  5500K .......... .......... .......... .......... ..........  0% 4.94M 10m25s
  5550K .......... .......... .......... .......... ..........  0% 42.1M 10m20s
  5600K .......... .......... .......... .......... ..........  0% 39.1M 10m16s
  5650K .......... .......... .......... .......... ..........  0% 28.6M 10m12s
  5700K .......... .......... .......... .......... ..........  0% 36.2M 10m7s
  5750K .......... .......... .......... .......... ..........  0% 38.4M 10m3s
  5800K .......... .......... .......... .......... ..........  0% 46.4M 9m58s
  5850K .......... .......... .......... .......... ..........  0% 28.2M 9m54s
  5900K .......... .......... .......... .......... ..........  0% 35.7M 9m50s
  5950K .......... .......... .......... .......... ..........  0% 51.3M 9m46s
  6000K .......... .......... .......... .......... ..........  0% 30.7M 9m42s
  6050K .......... .......... .......... .......... ..........  0% 34.4M 9m38s
  6100K .......... .......... .......... .......... ..........  0% 44.9M 9m34s
  6150K .......... .......... .......... .......... ..........  0% 34.1M 9m31s
  6200K .......... .......... .......... .......... ..........  0% 48.2M 9m27s
  6250K .......... .......... .......... .......... ..........  0% 2.77M 9m34s
  6300K .......... .......... .......... .......... ..........  0% 41.5M 9m30s
  6350K .......... .......... .......... .......... ..........  0% 44.8M 9m26s
  6400K .......... .......... .......... .......... ..........  0% 47.3M 9m22s
  6450K .......... .......... .......... .......... ..........  0% 33.2M 9m19s
  6500K .......... .......... .......... .......... ..........  0% 62.6M 9m15s
  6550K .......... .......... .......... .......... ..........  0% 41.5M 9m12s
  6600K .......... .......... .......... .......... ..........  0% 54.3M 9m8s
  6650K .......... .......... .......... .......... ..........  0% 39.0M 9m5s
  6700K .......... .......... .......... .......... ..........  0% 41.9M 9m1s
  6750K .......... .......... .......... .......... ..........  0% 44.4M 8m58s
  6800K .......... .......... .......... .......... ..........  0% 94.7M 8m54s
  6850K .......... .......... .......... .......... ..........  0% 38.7M 8m51s
  6900K .......... .......... .......... .......... ..........  0% 38.2M 8m48s
  6950K .......... .......... .......... .......... ..........  0% 56.3M 8m45s
  7000K .......... .......... .......... .......... ..........  0% 42.7M 8m42s
  7050K .......... .......... .......... .......... ..........  0% 43.1M 8m39s
  7100K .......... .......... .......... .......... ..........  0% 23.6M 8m36s
  7150K .......... .......... .......... .......... ..........  0% 21.6M 8m34s
  7200K .......... .......... .......... .......... ..........  0% 21.7M 8m32s
  7250K .......... .......... .......... .......... ..........  0% 65.7M 8m28s
  7300K .......... .......... .......... .......... ..........  0% 25.3M 8m26s
  7350K .......... .......... .......... .......... ..........  0% 19.4M 8m24s
  7400K .......... .......... .......... .......... ..........  0% 26.4M 8m22s
  7450K .......... .......... .......... .......... ..........  0% 24.6M 8m19s
  7500K .......... .......... .......... .......... ..........  0% 39.8M 8m17s
  7550K .......... .......... .......... .......... ..........  0% 32.0M 8m14s
  7600K .......... .......... .......... .......... ..........  0% 23.1M 8m12s
  7650K .......... .......... .......... .......... ..........  0% 3.26M 8m17s
  7700K .......... .......... .......... .......... ..........  0% 53.6M 8m14s
  7750K .......... .......... .......... .......... ..........  0% 67.4M 8m11s
  7800K .......... .......... .......... .......... ..........  0% 79.5M 8m8s
  7850K .......... .......... .......... .......... ..........  0% 46.4M 8m6s
  7900K .......... .......... .......... .......... ..........  0% 67.4M 8m3s
  7950K .......... .......... .......... .......... ..........  0% 63.4M 8m0s
  8000K .......... .......... .......... .......... ..........  0% 64.8M 7m58s
  8050K .......... .......... .......... .......... ..........  0% 63.2M 7m55s
  8100K .......... .......... .......... .......... ..........  0% 65.6M 7m53s
  8150K .......... .......... .......... .......... ..........  0% 79.2M 7m50s
  8200K .......... .......... .......... .......... ..........  0% 57.8M 7m48s
  8250K .......... .......... .......... .......... ..........  0% 71.4M 7m45s
  8300K .......... .......... .......... .......... ..........  0% 64.5M 7m43s
  8350K .......... .......... .......... .......... ..........  0% 32.3M 7m41s
  8400K .......... .......... .......... .......... ..........  0% 63.1M 7m38s
  8450K .......... .......... .......... .......... ..........  0% 35.7M 7m36s
  8500K .......... .......... .......... .......... ..........  0% 25.5M 7m34s
  8550K .......... .......... .......... .......... ..........  0% 4.24M 7m37s
  8600K .......... .......... .......... .......... ..........  0% 26.6M 7m35s
  8650K .......... .......... .......... .......... ..........  0% 36.0M 7m33s
  8700K .......... .......... .......... .......... ..........  0% 27.0M 7m32s
  8750K .......... .......... .......... .......... ..........  0% 21.2M 7m30s
  8800K .......... .......... .......... .......... ..........  0% 23.7M 7m28s
  8850K .......... .......... .......... .......... ..........  0% 76.1M 7m26s
  8900K .......... .......... .......... .......... ..........  0% 25.8M 7m25s
  8950K .......... .......... .......... .......... ..........  0% 29.8M 7m23s
  9000K .......... .......... .......... .......... ..........  0% 54.3M 7m21s
  9050K .......... .......... .......... .......... ..........  0% 43.0M 7m19s
  9100K .......... .......... .......... .......... ..........  0% 42.9M 7m17s
  9150K .......... .......... .......... .......... ..........  0%  120M 7m15s
  9200K .......... .......... .......... .......... ..........  0% 35.8M 7m13s
  9250K .......... .......... .......... .......... ..........  0% 2.17M 7m20s
  9300K .......... .......... .......... .......... ..........  0% 72.9M 7m18s
  9350K .......... .......... .......... .......... ..........  0% 70.3M 7m16s
  9400K .......... .......... .......... .......... ..........  0% 86.4M 7m14s
  9450K .......... .......... .......... .......... ..........  0% 72.5M 7m12s
  9500K .......... .......... .......... .......... ..........  0% 72.0M 7m10s
  9550K .......... .......... .......... .......... ..........  0% 72.8M 7m8s
  9600K .......... .......... .......... .......... ..........  0% 52.6M 7m6s
  9650K .......... .......... .......... .......... ..........  0% 58.8M 7m5s
  9700K .......... .......... .......... .......... ..........  0% 67.2M 7m3s
  9750K .......... .......... .......... .......... ..........  0% 61.8M 7m1s
  9800K .......... .......... .......... .......... ..........  0% 76.5M 6m59s
  9850K .......... .......... .......... .......... ..........  0% 89.7M 6m57s
  9900K .......... .......... .......... .......... ..........  0% 76.2M 6m55s
  9950K .......... .......... .......... .......... ..........  0% 62.3M 6m53s
 10000K .......... .......... .......... .......... ..........  0% 50.8M 6m52s
 10050K .......... .......... .......... .......... ..........  0% 71.9M 6m50s
 10100K .......... .......... .......... .......... ..........  0%  107M 6m48s
 10150K .......... .......... .......... .......... ..........  0% 14.9M 6m47s
 10200K .......... .......... .......... .......... ..........  0% 28.1M 6m46s
 10250K .......... .......... .......... .......... ..........  0% 91.3M 6m44s
 10300K .......... .......... .......... .......... ..........  0% 26.1M 6m43s
 10350K .......... .......... .......... .......... ..........  0% 24.5M 6m42s
 10400K .......... .......... .......... .......... ..........  0%  336K 7m37s
 10450K .......... .......... .......... .......... ..........  0% 26.5M 7m36s
 10500K .......... .......... .......... .......... ..........  0% 3.58M 7m39s
 10550K .......... .......... .......... .......... ..........  0% 23.3M 7m37s
 10600K .......... .......... .......... .......... ..........  0% 7.58M 7m38s
 10650K .......... .......... .......... .......... ..........  0% 9.16M 7m37s
 10700K .......... .......... .......... .......... ..........  0% 1.40M 7m48s
 10750K .......... .......... .......... .......... ..........  0% 42.9M 7m46s
 10800K .......... .......... .......... .......... ..........  0% 42.7M 7m45s
 10850K .......... .......... .......... .......... ..........  0% 81.2M 7m43s
 10900K .......... .......... .......... .......... ..........  0% 50.7M 7m41s
 10950K .......... .......... .......... .......... ..........  0% 18.9M 7m40s
 11000K .......... .......... .......... .......... ..........  0% 25.0M 7m38s
 11050K .......... .......... .......... .......... ..........  0% 7.24M 7m39s
 11100K .......... .......... .......... .......... ..........  0% 1.47M 7m49s
 11150K .......... .......... .......... .......... ..........  0% 22.1M 7m47s
 11200K .......... .......... .......... .......... ..........  0% 66.8M 7m46s
 11250K .......... .......... .......... .......... ..........  0% 24.4M 7m44s
 11300K .......... .......... .......... .......... ..........  0% 4.09M 7m46s
 11350K .......... .......... .......... .......... ..........  0% 45.5M 7m45s
 11400K .......... .......... .......... .......... ..........  0% 46.9M 7m43s
 11450K .......... .......... .......... .......... ..........  0% 45.7M 7m41s
 11500K .......... .......... .......... .......... ..........  0% 10.3M 7m41s
 11550K .......... .......... .......... .......... ..........  0% 13.9M 7m40s
 11600K .......... .......... .......... .......... ..........  0%  130M 7m38s
 11650K .......... .......... .......... .......... ..........  0% 19.7M 7m37s
 11700K .......... .......... .......... .......... ..........  0% 9.76M 7m37s
 11750K .......... .......... .......... .......... ..........  0% 1.68M 7m45s
 11800K .......... .......... .......... .......... ..........  0% 31.1M 7m44s
 11850K .......... .......... .......... .......... ..........  0% 49.0M 7m42s
 11900K .......... .......... .......... .......... ..........  0% 60.2M 7m40s
 11950K .......... .......... .......... .......... ..........  0%  280K 8m38s
 12000K .......... .......... .......... .......... ..........  0% 10.3M 8m37s
 12050K .......... .......... .......... .......... ..........  0% 14.3M 8m36s
 12100K .......... .......... .......... .......... ..........  0% 21.3M 8m35s
 12150K .......... .......... .......... .......... ..........  0%  236K 9m42s
 12200K .......... .......... .......... .......... ..........  0% 82.5M 9m40s
 12250K .......... .......... .......... .......... ..........  0% 84.7M 9m38s
 12300K .......... .......... .......... .......... ..........  0% 85.2M 9m36s
 12350K .......... .......... .......... .......... ..........  0% 72.4M 9m34s
 12400K .......... .......... .......... .......... ..........  0% 88.4M 9m32s
 12450K .......... .......... .......... .......... ..........  0% 15.6M 9m30s
 12500K .......... .......... .......... .......... ..........  0% 79.0M 9m28s
 12550K .......... .......... .......... .......... ..........  0% 86.6M 9m26s
 12600K .......... .......... .......... .......... ..........  0% 78.1M 9m24s
 12650K .......... .......... .......... .......... ..........  0% 61.5M 9m22s
 12700K .......... .......... .......... .......... ..........  0% 58.1M 9m20s
 12750K .......... .......... .......... .......... ..........  0% 72.2M 9m18s
 12800K .......... .......... .......... .......... ..........  0% 81.3M 9m16s
 12850K .......... .......... .......... .......... ..........  0% 69.1M 9m14s
 12900K .......... .......... .......... .......... ..........  0% 1.19M 9m25s
 12950K .......... .......... .......... .......... ..........  0%  103M 9m23s
 13000K .......... .......... .......... .......... ..........  0%  112M 9m21s
 13050K .......... .......... .......... .......... ..........  0% 79.9M 9m19s
 13100K .......... .......... .......... .......... ..........  0% 88.1M 9m17s
 13150K .......... .......... .......... .......... ..........  0%  130M 9m15s
 13200K .......... .......... .......... .......... ..........  0%  120M 9m13s
 13250K .......... .......... .......... .......... ..........  0%  152M 9m11s
 13300K .......... .......... .......... .......... ..........  0%  148M 9m9s
 13350K .......... .......... .......... .......... ..........  0%  174M 9m7s
 13400K .......... .......... .......... .......... ..........  0%  165M 9m5s
 13450K .......... .......... .......... .......... ..........  0%  138M 9m3s
 13500K .......... .......... .......... .......... ..........  0%  120M 9m1s
 13550K .......... .......... .......... .......... ..........  0%  919K 9m15s
 13600K .......... .......... .......... .......... ..........  0% 46.3M 9m14s
 13650K .......... .......... .......... .......... ..........  0% 44.8M 9m12s
 13700K .......... .......... .......... .......... ..........  0% 33.4M 9m10s
 13750K .......... .......... .......... .......... ..........  0% 97.0M 9m8s
 13800K .......... .......... .......... .......... ..........  0%  120M 9m7s
 13850K .......... .......... .......... .......... ..........  0%  118M 9m5s
 13900K .......... .......... .......... .......... ..........  0%  135M 9m3s
 13950K .......... .......... .......... .......... ..........  0%  105M 9m1s
 14000K .......... .......... .......... .......... ..........  0%  122M 8m59s
 14050K .......... .......... .......... .......... ..........  0%  115M 8m57s
 14100K .......... .......... .......... .......... ..........  0%  106M 8m56s
 14150K .......... .......... .......... .......... ..........  0%  120M 8m54s
 14200K .......... .......... .......... .......... ..........  0%  114M 8m52s
 14250K .......... .......... .......... .......... ..........  0%  125M 8m50s
 14300K .......... .......... .......... .......... ..........  0%  112M 8m49s
 14350K .......... .......... .......... .......... ..........  0%  115M 8m47s
 14400K .......... .......... .......... .......... ..........  0%  124M 8m45s
 14450K .......... .......... .......... .......... ..........  0%  119M 8m43s
 14500K .......... .......... .......... .......... ..........  0%  124M 8m42s
 14550K .......... .......... .......... .......... ..........  0%  109M 8m40s
 14600K .......... .......... .......... .......... ..........  0%  131M 8m38s
 14650K .......... .......... .......... .......... ..........  0%  107M 8m37s
 14700K .......... .......... .......... .......... ..........  0%  133M 8m35s
 14750K .......... .......... .......... .......... ..........  0%  115M 8m33s
 14800K .......... .......... .......... .......... ..........  0% 1.18M 8m43s
 14850K .......... .......... .......... .......... ..........  0% 40.2M 8m41s
 14900K .......... .......... .......... .......... ..........  0% 59.4M 8m40s
 14950K .......... .......... .......... .......... ..........  0% 54.2M 8m38s
 15000K .......... .......... .......... .......... ..........  0% 51.4M 8m37s
 15050K .......... .......... .......... .......... ..........  0% 61.8M 8m35s
 15100K .......... .......... .......... .......... ..........  0% 62.5M 8m34s
 15150K .......... .......... .......... .......... ..........  0% 67.0M 8m32s
 15200K .......... .......... .......... .......... ..........  0%  165M 8m31s
 15250K .......... .......... .......... .......... ..........  0%  146M 8m29s
 15300K .......... .......... .......... .......... ..........  0%  220K 9m27s
 15350K .......... .......... .......... .......... ..........  0% 21.0M 9m26s
 15400K .......... .......... .......... .......... ..........  0% 67.8M 9m24s
 15450K .......... .......... .......... .......... ..........  0% 21.1M 9m23s
 15500K .......... .......... .......... .......... ..........  0% 30.6M 9m21s
 15550K .......... .......... .......... .......... ..........  0% 23.6M 9m20s
 15600K .......... .......... .......... .......... ..........  0% 30.8M 9m19s
 15650K .......... .......... .......... .......... ..........  0% 26.8M 9m17s
 15700K .......... .......... .......... .......... ..........  0% 42.0M 9m16s
 15750K .......... .......... .......... .......... ..........  0% 25.0M 9m15s
 15800K .......... .......... .......... .......... ..........  0% 26.8M 9m13s
 15850K .......... .......... .......... .......... ..........  0% 32.0M 9m12s
 15900K .......... .......... .......... .......... ..........  0% 34.4M 9m11s
 15950K .......... .......... .......... .......... ..........  0%  123M 9m9s
 16000K .......... .......... .......... .......... ..........  0%  131M 9m7s
 16050K .......... .......... .......... .......... ..........  0%  106M 9m6s
 16100K .......... .......... .......... .......... ..........  0%  123M 9m4s
 16150K .......... .......... .......... .......... ..........  0%  111M 9m3s
 16200K .......... .......... .......... .......... ..........  0%  551K 9m23s
 16250K .......... .......... .......... .......... ..........  0% 25.3M 9m22s
 16300K .......... .......... .......... .......... ..........  0% 46.2M 9m20s
 16350K .......... .......... .......... .......... ..........  0% 22.0M 9m19s
 16400K .......... .......... .......... .......... ..........  0% 25.7M 9m18s
 16450K .......... .......... .......... .......... ..........  0% 32.7M 9m17s
 16500K .......... .......... .......... .......... ..........  0% 23.1M 9m16s
 16550K .......... .......... .......... .......... ..........  0% 25.5M 9m14s
 16600K .......... .......... .......... .......... ..........  0% 38.0M 9m13s
 16650K .......... .......... .......... .......... ..........  0% 35.0M 9m12s
 16700K .......... .......... .......... .......... ..........  0% 24.2M 9m10s
 16750K .......... .......... .......... .......... ..........  0% 25.8M 9m9s
 16800K .......... .......... .......... .......... ..........  0% 35.3M 9m8s
 16850K .......... .......... .......... .......... ..........  0% 23.5M 9m7s
 16900K .......... .......... .......... .......... ..........  0% 31.5M 9m6s
 16950K .......... .......... .......... .......... ..........  0% 26.0M 9m4s
 17000K .......... .......... .......... .......... ..........  0% 25.8M 9m3s
 17050K .......... .......... .......... .......... ..........  0% 34.0M 9m2s
 17100K .......... .......... .......... .......... ..........  0%  107M 9m0s
 17150K .......... .......... .......... .......... ..........  0%  103M 8m59s
 17200K .......... .......... .......... .......... ..........  0% 93.3M 8m58s
 17250K .......... .......... .......... .......... ..........  0%  104M 8m56s
 17300K .......... .......... .......... .......... ..........  0%  221K 9m47s
 17350K .......... .......... .......... .......... ..........  0% 12.4M 9m46s
 17400K .......... .......... .......... .......... ..........  0% 11.2M 9m45s
 17450K .......... .......... .......... .......... ..........  0% 17.9M 9m44s
 17500K .......... .......... .......... .......... ..........  0% 9.75M 9m44s
 17550K .......... .......... .......... .......... ..........  0% 10.5M 9m43s
 17600K .......... .......... .......... .......... ..........  0% 20.7M 9m42s
 17650K .......... .......... .......... .......... ..........  0% 13.5M 9m41s
 17700K .......... .......... .......... .......... ..........  0% 11.8M 9m40s
 17750K .......... .......... .......... .......... ..........  0% 15.0M 9m40s
 17800K .......... .......... .......... .......... ..........  0% 12.2M 9m39s
 17850K .......... .......... .......... .......... ..........  0% 16.4M 9m38s
 17900K .......... .......... .......... .......... ..........  0% 12.5M 9m37s
 17950K .......... .......... .......... .......... ..........  0% 11.5M 9m36s
 18000K .......... .......... .......... .......... ..........  0% 12.4M 9m36s
 18050K .......... .......... .......... .......... ..........  0% 12.0M 9m35s
 18100K .......... .......... .......... .......... ..........  0% 15.6M 9m34s
 18150K .......... .......... .......... .......... ..........  0%  942K 9m44s
 18200K .......... .......... .......... .......... ..........  0% 11.5M 9m44s
 18250K .......... .......... .......... .......... ..........  0% 12.7M 9m43s
 18300K .......... .......... .......... .......... ..........  0% 14.8M 9m42s
 18350K .......... .......... .......... .......... ..........  0% 10.7M 9m41s
 18400K .......... .......... .......... .......... ..........  0% 11.4M 9m41s
 18450K .......... .......... .......... .......... ..........  0% 17.7M 9m40s
 18500K .......... .......... .......... .......... ..........  0% 12.9M 9m39s
 18550K .......... .......... .......... .......... ..........  0% 18.2M 9m38s
 18600K .......... .......... .......... .......... ..........  0% 75.9M 9m37s
 18650K .......... .......... .......... .......... ..........  0% 87.4M 9m35s
 18700K .......... .......... .......... .......... ..........  0% 66.9M 9m34s
 18750K .......... .......... .......... .......... ..........  0%  112M 9m32s
 18800K .......... .......... .......... .......... ..........  0%  113M 9m31s
 18850K .......... .......... .......... .......... ..........  0%  111M 9m29s
 18900K .......... .......... .......... .......... ..........  0% 12.2M 9m29s
 18950K .......... .......... .......... .......... ..........  0% 11.0M 9m28s
 19000K .......... .......... .......... .......... ..........  0% 10.5M 9m28s
 19050K .......... .......... .......... .......... ..........  0% 18.7M 9m27s
 19100K .......... .......... .......... .......... ..........  0% 11.0M 9m26s
 19150K .......... .......... .......... .......... ..........  0% 12.9M 9m25s
 19200K .......... .......... .......... .......... ..........  0% 11.2M 9m25s
 19250K .......... .......... .......... .......... ..........  0% 10.0M 9m24s
 19300K .......... .......... .......... .......... ..........  0% 15.2M 9m24s
 19350K .......... .......... .......... .......... ..........  0% 12.9M 9m23s
 19400K .......... .......... .......... .......... ..........  0% 11.7M 9m22s
 19450K .......... .......... .......... .......... ..........  0% 11.7M 9m22s
 19500K .......... .......... .......... .......... ..........  0% 13.1M 9m21s
 19550K .......... .......... .......... .......... ..........  0% 12.1M 9m20s
 19600K .......... .......... .......... .......... ..........  0% 10.7M 9m20s
 19650K .......... .......... .......... .......... ..........  0% 17.5M 9m19s
 19700K .......... .......... .......... .......... ..........  0% 10.9M 9m19s
 19750K .......... .......... .......... .......... ..........  0% 11.6M 9m18s
 19800K .......... .......... .......... .......... ..........  0%  213K 10m4s
 19850K .......... .......... .......... .......... ..........  0%  218K 10m48s
 19900K .......... .......... .......... .......... ..........  0% 10.7M 10m48s
 19950K .......... .......... .......... .......... ..........  0% 14.4M 10m47s
 20000K .......... .......... .......... .......... ..........  0% 15.0M 10m46s
 20050K .......... .......... .......... .......... ..........  0% 12.3M 10m45s
 20100K .......... .......... .......... .......... ..........  0% 29.3M 10m44s
 20150K .......... .......... .......... .......... ..........  0% 20.2M 10m43s
 20200K .......... .......... .......... .......... ..........  0% 12.9M 10m42s
 20250K .......... .......... .......... .......... ..........  0% 12.1M 10m41s
 20300K .......... .......... .......... .......... ..........  0% 25.9M 10m40s
 20350K .......... .......... .......... .......... ..........  0% 6.60M 10m40s
 20400K .......... .......... .......... .......... ..........  0% 14.8M 10m39s
 20450K .......... .......... .......... .......... ..........  0% 10.1M 10m38s
 20500K .......... .......... .......... .......... ..........  0% 10.9M 10m37s
 20550K .......... .......... .......... .......... ..........  0% 25.7M 10m36s
 20600K .......... .......... .......... .......... ..........  0% 7.53M 10m36s
 20650K .......... .......... .......... .......... ..........  0% 17.3M 10m35s
 20700K .......... .......... .......... .......... ..........  0% 10.9M 10m34s
 20750K .......... .......... .......... .......... ..........  0% 11.0M 10m34s
 20800K .......... .......... .......... .......... ..........  0% 11.5M 10m33s
 20850K .......... .......... .......... .......... ..........  0% 15.1M 10m32s
 20900K .......... .......... .......... .......... ..........  0% 17.7M 10m31s
 20950K .......... .......... .......... .......... ..........  0% 11.2M 10m30s
 21000K .......... .......... .......... .......... ..........  0% 13.4M 10m29s
 21050K .......... .......... .......... .......... ..........  0% 26.0M 10m28s
 21100K .......... .......... .......... .......... ..........  0% 8.66M 10m28s
 21150K .......... .......... .......... .......... ..........  0% 20.1M 10m27s
 21200K .......... .......... .......... .......... ..........  0% 21.1M 10m26s
 21250K .......... .......... .......... .......... ..........  0% 7.67M 10m26s
 21300K .......... .......... .......... .......... ..........  0% 13.2M 10m25s
 21350K .......... .......... .......... .......... ..........  0% 10.5M 10m24s
 21400K .......... .......... .......... .......... ..........  0% 18.2M 10m23s
 21450K .......... .......... .......... .......... ..........  0% 68.6M 10m22s
 21500K .......... .......... .......... .......... ..........  0% 50.1M 10m21s
 21550K .......... .......... .......... .......... ..........  0% 78.4M 10m19s
 21600K .......... .......... .......... .......... ..........  0% 74.7M 10m18s
 21650K .......... .......... .......... .......... ..........  0% 75.1M 10m17s
 21700K .......... .......... .......... .......... ..........  0% 84.7M 10m15s
 21750K .......... .......... .......... .......... ..........  0% 74.2M 10m14s
 21800K .......... .......... .......... .......... ..........  0% 94.1M 10m13s
 21850K .......... .......... .......... .......... ..........  0%  131M 10m11s
 21900K .......... .......... .......... .......... ..........  0%  135M 10m10s
 21950K .......... .......... .......... .......... ..........  0%  111M 10m9s
 22000K .......... .......... .......... .......... ..........  0% 99.9M 10m7s
 22050K .......... .......... .......... .......... ..........  0%  112M 10m6s
 22100K .......... .......... .......... .......... ..........  0%  145M 10m5s
 22150K .......... .......... .......... .......... ..........  0%  139M 10m4s
 22200K .......... .......... .......... .......... ..........  0%  152M 10m2s
 22250K .......... .......... .......... .......... ..........  0%  104M 10m1s
 22300K .......... .......... .......... .......... ..........  0% 98.3M 10m0s
 22350K .......... .......... .......... .......... ..........  0% 85.6M 9m58s
 22400K .......... .......... .......... .......... ..........  0% 96.7M 9m57s
 22450K .......... .......... .......... .......... ..........  0% 95.0M 9m56s
 22500K .......... .......... .......... .......... ..........  0%  123M 9m55s
 22550K .......... .......... .......... .......... ..........  0%  143M 9m53s
 22600K .......... .......... .......... .......... ..........  0%  129M 9m52s
 22650K .......... .......... .......... .......... ..........  0% 12.2M 9m52s
 22700K .......... .......... .......... .......... ..........  0% 11.1M 9m51s
 22750K .......... .......... .......... .......... ..........  0% 9.96M 9m51s
 22800K .......... .......... .......... .......... ..........  0%  968K 9m58s
 22850K .......... .......... .......... .......... ..........  0% 8.21M 9m58s
 22900K .......... .......... .......... .......... ..........  0% 9.91M 9m58s
 22950K .......... .......... .......... .......... ..........  0% 7.96M 9m57s
 23000K .......... .......... .......... .......... ..........  0% 15.5M 9m57s
 23050K .......... .......... .......... .......... ..........  0% 7.91M 9m56s
 23100K .......... .......... .......... .......... ..........  0% 9.08M 9m56s
 23150K .......... .......... .......... .......... ..........  0% 9.60M 9m56s
 23200K .......... .......... .......... .......... ..........  0% 12.6M 9m55s
 23250K .......... .......... .......... .......... ..........  0% 7.81M 9m55s
 23300K .......... .......... .......... .......... ..........  0% 13.1M 9m54s
 23350K .......... .......... .......... .......... ..........  0% 8.69M 9m54s
 23400K .......... .......... .......... .......... ..........  0% 9.77M 9m53s
 23450K .......... .......... .......... .......... ..........  0% 8.63M 9m53s
 23500K .......... .......... .......... .......... ..........  0% 12.7M 9m52s
 23550K .......... .......... .......... .......... ..........  0% 9.28M 9m52s
 23600K .......... .......... .......... .......... ..........  0% 9.76M 9m52s
 23650K .......... .......... .......... .......... ..........  0% 9.97M 9m51s
 23700K .......... .......... .......... .......... ..........  0% 9.11M 9m51s
 23750K .......... .......... .......... .......... ..........  0% 8.86M 9m51s
 23800K .......... .......... .......... .......... ..........  0% 12.5M 9m50s
 23850K .......... .......... .......... .......... ..........  0% 8.60M 9m50s
 23900K .......... .......... .......... .......... ..........  0% 10.7M 9m49s
 23950K .......... .......... .......... .......... ..........  0% 8.91M 9m49s
 24000K .......... .......... .......... .......... ..........  0% 8.69M 9m49s
 24050K .......... .......... .......... .......... ..........  0% 10.9M 9m48s
 24100K .......... .......... .......... .......... ..........  0% 11.0M 9m48s
 24150K .......... .......... .......... .......... ..........  0% 8.85M 9m47s
 24200K .......... .......... .......... .......... ..........  0% 9.41M 9m47s
 24250K .......... .......... .......... .......... ..........  0% 10.5M 9m46s
 24300K .......... .......... .......... .......... ..........  0% 8.92M 9m46s
 24350K .......... .......... .......... .......... ..........  0% 8.97M 9m46s
 24400K .......... .......... .......... .......... ..........  0% 13.7M 9m45s
 24450K .......... .......... .......... .......... ..........  0% 9.04M 9m45s
 24500K .......... .......... .......... .......... ..........  0% 8.64M 9m45s
 24550K .......... .......... .......... .......... ..........  0%  108K 10m58s
 24600K .......... .......... .......... .......... ..........  0% 14.4M 10m58s
 24650K .......... .......... .......... .......... ..........  0% 10.6M 10m57s
 24700K .......... .......... .......... .......... ..........  0% 61.0M 10m56s
 24750K .......... .......... .......... .......... ..........  0% 77.9M 10m54s
 24800K .......... .......... .......... .......... ..........  0% 85.1M 10m53s
 24850K .......... .......... .......... .......... ..........  0% 3.03M 10m55s
 24900K .......... .......... .......... .......... ..........  0% 74.8M 10m53s
 24950K .......... .......... .......... .......... ..........  0% 70.3M 10m52s
 25000K .......... .......... .......... .......... ..........  0% 84.5M 10m51s
 25050K .......... .......... .......... .......... ..........  0% 76.2M 10m50s
 25100K .......... .......... .......... .......... ..........  0% 91.6M 10m48s
 25150K .......... .......... .......... .......... ..........  0% 87.4M 10m47s
 25200K .......... .......... .......... .......... ..........  0% 81.7M 10m46s
 25250K ..........Collecting diffusers==0.28.2
  Downloading diffusers-0.28.2-py3-none-any.whl.metadata (19 kB)
Collecting transformers==4.40.2
  Downloading transformers-4.40.2-py3-none-any.whl.metadata (137 kB)
ERROR: Ignored the following versions that require a different python version: 4.47.0 Requires-Python >=3.9.0; 4.47.1 Requires-Python >=3.9.0; 4.48.0 Requires-Python >=3.9.0; 4.48.1 Requires-Python >=3.9.0; 4.48.2 Requires-Python >=3.9.0; 4.48.3 Requires-Python >=3.9.0; 4.49.0 Requires-Python >=3.9.0; 4.50.0 Requires-Python >=3.9.0; 4.50.1 Requires-Python >=3.9.0; 4.50.2 Requires-Python >=3.9.0; 4.50.3 Requires-Python >=3.9.0; 4.51.0 Requires-Python >=3.9.0; 4.51.1 Requires-Python >=3.9.0; 4.51.2 Requires-Python >=3.9.0; 4.51.3 Requires-Python >=3.9.0; 4.52.0 Requires-Python >=3.9.0; 4.52.1 Requires-Python >=3.9.0; 4.52.2 Requires-Python >=3.9.0; 4.52.3 Requires-Python >=3.9.0; 4.52.4 Requires-Python >=3.9.0
ERROR: Could not find a version that satisfies the requirement output1.log (from versions: none)
ERROR: No matching distribution found for output1.log
Looking in links: https://download.pytorch.org/whl/torch_stable.html
Collecting torch==1.7.1+cu110
  Downloading https://download.pytorch.org/whl/cu110/torch-1.7.1%2Bcu110-cp38-cp38-linux_x86_64.whl (1156.8 MB)
     ━━━━━━━━━━━━━━━━━━━━━━━━━━━━━━━━━━━━━━━━ 1.2/1.2 GB ? eta 0:00:00
WARNING: Retrying (Retry(total=4, connect=None, read=None, redirect=None, status=None)) after connection broken by 'ReadTimeoutError("HTTPSConnectionPool(host='download.pytorch.org', port=443): Read timed out. (read timeout=15)")': /whl/torch_stable.html
WARNING: Retrying (Retry(total=4, connect=None, read=None, redirect=None, status=None)) after connection broken by 'ReadTimeoutError("HTTPSConnectionPool(host='pypi.org', port=443): Read timed out. (read timeout=15)")': /simple/torchvision/
Collecting torchvision==0.8.2+cu110
  Using cached https://download.pytorch.org/whl/cu110/torchvision-0.8.2%2Bcu110-cp38-cp38-linux_x86_64.whl (12.9 MB)
Requirement already satisfied: typing-extensions in /home/cike/anaconda3/envs/madiff/lib/python3.8/site-packages (from torch==1.7.1+cu110) (4.12.2)
Requirement already satisfied: numpy in /home/cike/anaconda3/envs/madiff/lib/python3.8/site-packages (from torch==1.7.1+cu110) (1.24.4)
Requirement already satisfied: pillow>=4.1.1 in /home/cike/anaconda3/envs/madiff/lib/python3.8/site-packages (from torchvision==0.8.2+cu110) (10.4.0)
Installing collected packages: torch, torchvision
  Attempting uninstall: torch
    Found existing installation: torch 2.4.1
    Uninstalling torch-2.4.1:
      Successfully uninstalled torch-2.4.1
Successfully installed torch-1.7.1+cu110 torchvision-0.8.2+cu110
